app/build/intermediates/manifest_merge_blame_file/debug/manifest-merger-blame-debug-report.txt
1<?xml version="1.0" encoding="utf-8"?>
2<manifest xmlns:android="http://schemas.android.com/apk/res/android"
3    package="com.himanshu.activitylifecycle"
4    android:versionCode="1"
5    android:versionName="1.0" >
6
7    <uses-sdk
8        android:minSdkVersion="18"
8-->src\main\AndroidManifest.xml
9        android:targetSdkVersion="33" />
9-->src\main\AndroidManifest.xml
10
11    <permission
11-->[androidx.core:core:1.9.0] AndroidManifest.xml:22:5-24:47
12        android:name="com.himanshu.activitylifecycle.DYNAMIC_RECEIVER_NOT_EXPORTED_PERMISSION"
12-->[androidx.core:core:1.9.0] AndroidManifest.xml:23:9-81
13        android:protectionLevel="signature" />
13-->[androidx.core:core:1.9.0] AndroidManifest.xml:24:9-44
14
15    <uses-permission android:name="com.himanshu.activitylifecycle.DYNAMIC_RECEIVER_NOT_EXPORTED_PERMISSION" />
15-->[androidx.core:core:1.9.0] AndroidManifest.xml:26:5-97
15-->[androidx.core:core:1.9.0] AndroidManifest.xml:26:22-94
16
17    <application
17-->src\main\AndroidManifest.xml:5:5-42:19
18        android:allowBackup="true"
18-->src\main\AndroidManifest.xml:6:9-35
19        android:appComponentFactory="androidx.core.app.CoreComponentFactory"
19-->[androidx.core:core:1.9.0] AndroidManifest.xml:28:18-86
20        android:dataExtractionRules="@xml/data_extraction_rules"
20-->src\main\AndroidManifest.xml:7:9-65
21        android:debuggable="true"
22        android:fullBackupContent="@xml/backup_rules"
22-->src\main\AndroidManifest.xml:8:9-54
23        android:icon="@mipmap/ic_launcher"
23-->src\main\AndroidManifest.xml:9:9-43
24        android:label="@string/new_app_name"
24-->src\main\AndroidManifest.xml:10:9-45
25        android:roundIcon="@mipmap/ic_launcher_round"
25-->src\main\AndroidManifest.xml:11:9-54
26        android:supportsRtl="true"
26-->src\main\AndroidManifest.xml:12:9-35
27        android:theme="@style/Theme.ActivityLifecycle" >
27-->src\main\AndroidManifest.xml:13:9-55
28        <activity
28-->src\main\AndroidManifest.xml:15:9-26:20
29            android:name="com.himanshu.activitylifecycle.SplashActivity"
29-->src\main\AndroidManifest.xml:16:13-43
30            android:exported="true" >
30-->src\main\AndroidManifest.xml:17:13-36
31            <intent-filter>
31-->src\main\AndroidManifest.xml:18:13-22:29
32                <action android:name="android.intent.action.MAIN" />
32-->src\main\AndroidManifest.xml:19:17-69
32-->src\main\AndroidManifest.xml:19:25-66
33
34                <category android:name="android.intent.category.LAUNCHER" />
34-->src\main\AndroidManifest.xml:21:17-77
34-->src\main\AndroidManifest.xml:21:27-74
35            </intent-filter>
36
37            <meta-data
37-->src\main\AndroidManifest.xml:23:13-25:36
38                android:name="android.app.lib_name"
38-->src\main\AndroidManifest.xml:24:17-52
39                android:value="" />
39-->src\main\AndroidManifest.xml:25:17-33
40        </activity>
41        <activity
41-->src\main\AndroidManifest.xml:27:9-34:20
42            android:name="com.himanshu.activitylifecycle.LoginActivity"
42-->src\main\AndroidManifest.xml:28:13-42
43            android:exported="true" >
43-->src\main\AndroidManifest.xml:29:13-36
44            <meta-data
44-->src\main\AndroidManifest.xml:23:13-25:36
45                android:name="android.app.lib_name"
45-->src\main\AndroidManifest.xml:24:17-52
46                android:value="" />
46-->src\main\AndroidManifest.xml:25:17-33
47        </activity>
48        <activity
48-->src\main\AndroidManifest.xml:35:9-41:20
49            android:name="com.himanshu.activitylifecycle.AvengersActivity"
49-->src\main\AndroidManifest.xml:36:13-45
50            android:exported="true" >
50-->src\main\AndroidManifest.xml:37:13-36
51            <meta-data
51-->src\main\AndroidManifest.xml:23:13-25:36
52                android:name="android.app.lib_name"
52-->src\main\AndroidManifest.xml:24:17-52
53                android:value="" />
53-->src\main\AndroidManifest.xml:25:17-33
54        </activity>
55
56        <provider
56-->[androidx.emoji2:emoji2:1.2.0] AndroidManifest.xml:24:9-32:20
57            android:name="androidx.startup.InitializationProvider"
57-->[androidx.emoji2:emoji2:1.2.0] AndroidManifest.xml:25:13-67
58            android:authorities="com.himanshu.activitylifecycle.androidx-startup"
58-->[androidx.emoji2:emoji2:1.2.0] AndroidManifest.xml:26:13-68
59            android:exported="false" >
59-->[androidx.emoji2:emoji2:1.2.0] AndroidManifest.xml:27:13-37
60            <meta-data
60-->[androidx.emoji2:emoji2:1.2.0] AndroidManifest.xml:29:13-31:52
61                android:name="androidx.emoji2.text.EmojiCompatInitializer"
61-->[androidx.emoji2:emoji2:1.2.0] AndroidManifest.xml:30:17-75
62                android:value="androidx.startup" />
62-->[androidx.emoji2:emoji2:1.2.0] AndroidManifest.xml:31:17-49
63            <meta-data
63-->[androidx.lifecycle:lifecycle-process:2.4.1] AndroidManifest.xml:31:13-33:52
64                android:name="androidx.lifecycle.ProcessLifecycleInitializer"
64-->[androidx.lifecycle:lifecycle-process:2.4.1] AndroidManifest.xml:32:17-78
65                android:value="androidx.startup" />
65-->[androidx.lifecycle:lifecycle-process:2.4.1] AndroidManifest.xml:33:17-49
66        </provider>
67    </application>
68
69</manifest>